<?xml version="1.0" encoding="UTF-8"?>
<!-- Generated by org.testng.reporters.JUnitXMLReporter -->
<testsuite hostname="DESKTOP-HKCPHLD" ignored="0" name="Default test" tests="8" failures="0" timestamp="2023-06-13T16:54:41 IST" time="32.494" errors="0">
  <testcase name="setup" time="4.539" classname="Assignment.SwagLabs"/>
  <testcase name="login" time="3.455" classname="Assignment.SwagLabs"/>
  <testcase name="sort" time="3.167" classname="Assignment.SwagLabs"/>
  <testcase name="addtocart" time="3.42" classname="Assignment.SwagLabs"/>
  <testcase name="removefromcart" time="4.311" classname="Assignment.SwagLabs"/>
  <testcase name="checkout" time="6.562" classname="Assignment.SwagLabs"/>
  <testcase name="backtoproducts" time="3.096" classname="Assignment.SwagLabs"/>
  <testcase name="logout" time="3.875" classname="Assignment.SwagLabs"/>
</testsuite> <!-- Default test -->
